Arguments: 
  /usr/bin/node /usr/local/bin/yarn start

PATH: 
  /home/isaac/anaconda3/bin:/home/isaac/bin:/home/isaac/.local/bin:/usr/local/sbin:/usr/local/bin:/usr/sbin:/usr/bin:/sbin:/bin:/usr/games:/usr/local/games:/snap/bin:/home/isaac/.config/composer/vendor/bin/:/home/isaac/.config/composer/vendor/bin/:/home/isaac/.yarn/bin:/home/isaac/.yarn/bin

Yarn version: 
  1.5.1

Node version: 
  9.11.2

Platform: 
  linux x64

npm manifest: 
  No manifest

yarn manifest: 
  No manifest

Lockfile: 
  No lockfile

Trace: 
  Error: Couldn't find a package.json file in "/home/isaac/github/ReactCourse"
      at new MessageError (/usr/local/lib/node_modules/yarn/lib/cli.js:186:110)
      at /usr/local/lib/node_modules/yarn/lib/cli.js:40048:15
      at Generator.next (<anonymous>)
      at step (/usr/local/lib/node_modules/yarn/lib/cli.js:98:30)
      at /usr/local/lib/node_modules/yarn/lib/cli.js:109:13
      at <anonymous>
